<?xml version="1.0" encoding="utf-8" standalone="no"?>
<!--This file represents the results of running a test suite-->
<test-results name="C:\Users\TJ\Documents\Visual Studio 11\Projects\Conversion\ConversionTests.nunit" total="1" errors="0" failures="0" not-run="0" inconclusive="0" ignored="0" skipped="0" invalid="0" date="2012-05-30" time="22:19:58">
  <environment nunit-version="2.5.10.11092" clr-version="2.0.50727.5456" os-version="Microsoft Windows NT 6.1.7601 Service Pack 1" platform="Win32NT" cwd="C:\Program Files (x86)\NUnit 2.5.10\bin\net-2.0" machine-name="TJ-LAPTOP" user="TJ" user-domain="TJ-Laptop" />
  <culture-info current-culture="en-US" current-uiculture="en-US" />
  <test-suite type="Project" name="C:\Users\TJ\Documents\Visual Studio 11\Projects\Conversion\ConversionTests.nunit" executed="True" result="Success" success="True" time="0.832" asserts="0">
    <results>
      <test-suite type="Assembly" name="C:\Users\TJ\Documents\Visual Studio 11\Projects\Conversion\Conversion.Tests\bin\Debug\Conversion.Tests.dll" executed="True" result="Success" success="True" time="0.828" asserts="0">
        <results>
          <test-suite type="Namespace" name="Conversion" executed="True" result="Success" success="True" time="0.828" asserts="0">
            <results>
              <test-suite type="Namespace" name="Tests" executed="True" result="Success" success="True" time="0.827" asserts="0">
                <results>
                  <test-suite type="TestFixture" name="ConversionUnitTests" executed="True" result="Success" success="True" time="0.827" asserts="0">
                    <results>
                      <test-suite type="ParameterizedTest" name="TestRegisterAndGet" executed="True" result="Success" success="True" time="0.826" asserts="0">
                        <results>
                          <test-case name="Conversion.Tests.ConversionUnitTests.TestRegisterAndGet()" executed="True" result="Success" success="True" time="0.825" asserts="100001" />
                        </results>
                      </test-suite>
                    </results>
                  </test-suite>
                </results>
              </test-suite>
            </results>
          </test-suite>
        </results>
      </test-suite>
    </results>
  </test-suite>
</test-results>